Determining if the pthread_create exist failed with the following output:
Change Dir: /home/veyorokon/ros/baxter_ws/src/baxter_or/build/CMakeFiles/CMakeTmp

Run Build Command:/usr/bin/make "cmTryCompileExec1222260791/fast"
make[1]: Entering directory `/home/veyorokon/ros/baxter_ws/src/baxter_or/build/CMakeFiles/CMakeTmp'
/usr/bin/make -f CMakeFiles/cmTryCompileExec1222260791.dir/build.make CMakeFiles/cmTryCompileExec1222260791.dir/build
make[2]: Entering directory `/home/veyorokon/ros/baxter_ws/src/baxter_or/build/CMakeFiles/CMakeTmp'
/usr/bin/cmake -E cmake_progress_report /home/veyorokon/ros/baxter_ws/src/baxter_or/build/CMakeFiles/CMakeTmp/CMakeFiles 1
Building C object CMakeFiles/cmTryCompileExec1222260791.dir/CheckSymbolExists.c.o
/usr/bin/cc    -o CMakeFiles/cmTryCompileExec1222260791.dir/CheckSymbolExists.c.o   -c /home/veyorokon/ros/baxter_ws/src/baxter_or/build/CMakeFiles/CMakeTmp/CheckSymbolExists.c
Linking C executable cmTryCompileExec1222260791
/usr/bin/cmake -E cmake_link_script CMakeFiles/cmTryCompileExec1222260791.dir/link.txt --verbose=1
/usr/bin/cc       CMakeFiles/cmTryCompileExec1222260791.dir/CheckSymbolExists.c.o  -o cmTryCompileExec1222260791 -rdynamic 
CMakeFiles/cmTryCompileExec1222260791.dir/CheckSymbolExists.c.o: In function `main':
CheckSymbolExists.c:(.text+0x16): undefined reference to `pthread_create'
collect2: error: ld returned 1 exit status
make[2]: *** [cmTryCompileExec1222260791] Error 1
make[2]: Leaving directory `/home/veyorokon/ros/baxter_ws/src/baxter_or/build/CMakeFiles/CMakeTmp'
make[1]: *** [cmTryCompileExec1222260791/fast] Error 2
make[1]: Leaving directory `/home/veyorokon/ros/baxter_ws/src/baxter_or/build/CMakeFiles/CMakeTmp'

File /home/veyorokon/ros/baxter_ws/src/baxter_or/build/CMakeFiles/CMakeTmp/CheckSymbolExists.c:
/* */
#include <pthread.h>

int main(int argc, char** argv)
{
  (void)argv;
#ifndef pthread_create
  return ((int*)(&pthread_create))[argc];
#else
  (void)argc;
  return 0;
#endif
}

Determining if the function pthread_create exists in the pthreads failed with the following output:
Change Dir: /home/veyorokon/ros/baxter_ws/src/baxter_or/build/CMakeFiles/CMakeTmp

Run Build Command:/usr/bin/make "cmTryCompileExec3657266750/fast"
make[1]: Entering directory `/home/veyorokon/ros/baxter_ws/src/baxter_or/build/CMakeFiles/CMakeTmp'
/usr/bin/make -f CMakeFiles/cmTryCompileExec3657266750.dir/build.make CMakeFiles/cmTryCompileExec3657266750.dir/build
make[2]: Entering directory `/home/veyorokon/ros/baxter_ws/src/baxter_or/build/CMakeFiles/CMakeTmp'
/usr/bin/cmake -E cmake_progress_report /home/veyorokon/ros/baxter_ws/src/baxter_or/build/CMakeFiles/CMakeTmp/CMakeFiles 1
Building C object CMakeFiles/cmTryCompileExec3657266750.dir/CheckFunctionExists.c.o
/usr/bin/cc   -DCHECK_FUNCTION_EXISTS=pthread_create   -o CMakeFiles/cmTryCompileExec3657266750.dir/CheckFunctionExists.c.o   -c /usr/share/cmake-2.8/Modules/CheckFunctionExists.c
Linking C executable cmTryCompileExec3657266750
/usr/bin/cmake -E cmake_link_script CMakeFiles/cmTryCompileExec3657266750.dir/link.txt --verbose=1
/usr/bin/cc   -DCHECK_FUNCTION_EXISTS=pthread_create    CMakeFiles/cmTryCompileExec3657266750.dir/CheckFunctionExists.c.o  -o cmTryCompileExec3657266750 -rdynamic -lpthreads 
/usr/bin/ld: cannot find -lpthreads
collect2: error: ld returned 1 exit status
make[2]: Leaving directory `/home/veyorokon/ros/baxter_ws/src/baxter_or/build/CMakeFiles/CMakeTmp'
make[2]: *** [cmTryCompileExec3657266750] Error 1
make[1]: *** [cmTryCompileExec3657266750/fast] Error 2
make[1]: Leaving directory `/home/veyorokon/ros/baxter_ws/src/baxter_or/build/CMakeFiles/CMakeTmp'


